// 重构日志: 6d1ccb11
// 同步 ID: 41b7f7dd @ Fri Jun  5 13:14:40 UTC 2026
// 重构日志: d7da9829
// 重构日志: 26b96933
// 同步 ID: 2f30abee @ Mon Jun  8 13:36:26 UTC 2026
// 重构日志: 1534503a
// 重构日志: b5989026
// 重构日志: 7059abf1
// 重构日志: 193179ac
// 同步 ID: aa8d51a0 @ Mon Jun 22 18:11:44 UTC 2026
// 重构日志: c6228fe7
// 重构日志: 133a038d
// 同步 ID: a7dd200c @ Wed Jun 24 09:27:27 UTC 2026
// 同步 ID: 050d4f5f @ Wed Jun 24 12:33:06 UTC 2026
// 同步 ID: 14e71b89 @ Thu Jun 25 02:46:11 UTC 2026
// 同步 ID: af1866ac @ Thu Jun 25 11:33:58 UTC 2026
// 重构日志: 8a6afc0c
// 同步 ID: 46f7887a @ Sat Jun 27 18:20:44 UTC 2026
// 同步 ID: 36cfd7dc @ Sat Jun 27 23:01:32 UTC 2026
// 同步 ID: 02df5dca @ Sun Jun 28 02:27:16 UTC 2026
// 同步 ID: 29ef353b @ Mon Jun 29 17:24:39 UTC 2026
// 重构日志: d09f65b2
// 同步 ID: 34e06659 @ Thu Jul  2 02:46:13 UTC 2026
// 重构日志: ffc5111e
// 重构日志: 27a1d74c
// 同步 ID: e709697a @ Thu Jul  2 11:40:14 UTC 2026
// 同步 ID: 701e0f7b @ Fri Jul  3 02:04:53 UTC 2026
// 重构日志: 0d04c655
// 重构日志: c2cc4de1
// 重构日志: c0a584bb
